<?xml version="1.0" encoding="UTF-8"?>
<testsuite name="TestMethods.Get" tests="2" skipped="0" failures="0" errors="0" timestamp="2016-09-29T11:36:56" hostname="PRINHYLTPDL0765" time="2.05">
  <properties/>
  <testcase name="get2" classname="TestMethods.Get" time="0.918"/>
  <testcase name="testApp" classname="TestMethods.Get" time="1.131"/>
  <system-out><![CDATA[returned json: {"concepts":[{"activitiesCount":0,"archived":false,"collaboratorsCount":null,"conceptCount":null,"conceptImages":{"tiny":"/platformservices/concept/109834/snapshot/0","small":"/platformservices/concept/109834/snapshot/1","medium":"/platformservices/concept/109834/snapshot/2","imageServiceURL":"http://qaimageservice2f.affinnova.com/cis/stimview?csInstanceURL=http://dweb5s4.dev.affinnova.com/platformservices/affisuite/stimViewer.html&cid=109834&width=600&height=450"},"conceptSpace":null,"conceptType":"messaging","dateCreated":"Thu, 8 Sep 2016 13:21:00 -0400","editedBy":null,"engagementId":null,"id":109834,"inEditMode":false,"incompleteLocales":null,"isDesign":false,"isDynamic":false,"isExample":false,"isNewRulesEditorEnabled":false,"isUnassociated":false,"lastUpdated":"Wed, 14 Sep 2016 09:23:21 -0400","links":{"project":"/platformservices/api/concepts/109834/project","canvasObjects":"/platformservices/api/concepts/109834/canvasObjects","collaborators":"/platformservices/api/concepts/109834/collaborators","elements":"/platformservices/api/concepts/109834/elements","conceptRules":"/platformservices/api/concepts/109834/conceptRules","conceptAdditionalInfoObjects":"/platformservices/api/concepts/109834/conceptAdditionalInfoObjects"},"locales":["en_US"],"lockedForOptimization":false,"maxAdditionInfoObjects":7,"name":"Untitled Concept - 109834","owner":"Vinod.Komeershetty.consultant@nielsen.com","primaryLocale":"en_US","relaxCode":null,"role":"Co-Owner","staticConcept":true,"tags":[],"version":"5.0"},{"activitiesCount":0,"archived":false,"collaboratorsCount":null,"conceptCount":null,"conceptImages":{"tiny":"/platformservices/concept/109833/snapshot/0","small":"/platformservices/concept/109833/snapshot/1","medium":"/platformservices/concept/109833/snapshot/2","imageServiceURL":"http://qaimageservice2f.affinnova.com/cis/stimview?csInstanceURL=http://dweb5s4.dev.affinnova.com/platformservices/affisuite/stimViewer.html&cid=109833&width=600&height=450"},"conceptSpace":null,"conceptType":"messaging","dateCreated":"Thu, 8 Sep 2016 13:21:00 -0400","editedBy":null,"engagementId":null,"id":109833,"inEditMode":false,"incompleteLocales":null,"isDesign":false,"isDynamic":false,"isExample":false,"isNewRulesEditorEnabled":false,"isUnassociated":false,"lastUpdated":"Thu, 8 Sep 2016 13:20:30 -0400","links":{"project":"/platformservices/api/concepts/109833/project","canvasObjects":"/platformservices/api/concepts/109833/canvasObjects","collaborators":"/platformservices/api/concepts/109833/collaborators","elements":"/platformservices/api/concepts/109833/elements","conceptRules":"/platformservices/api/concepts/109833/conceptRules","conceptAdditionalInfoObjects":"/platformservices/api/concepts/109833/conceptAdditionalInfoObjects"},"locales":["en_US"],"lockedForOptimization":false,"maxAdditionInfoObjects":7,"name":"Untitled Concept - 109833","owner":"Vinod.Komeershetty.consultant@nielsen.com","primaryLocale":"en_US","relaxCode":null,"role":"Co-Owner","staticConcept":true,"tags":[],"version":"5.0"}]}
[tiny:/platformservices/concept/109834/snapshot/0, imageServiceURL:http://qaimageservice2f.affinnova.com/cis/stimview?csInstanceURL=http://dweb5s4.dev.affinnova.com/platformservices/affisuite/stimViewer.html&cid=109834&width=600&height=450, small:/platformservices/concept/109834/snapshot/1, medium:/platformservices/concept/109834/snapshot/2]
]]></system-out>
  <system-err><![CDATA[]]></system-err>
</testsuite>
